2026-01-31 11:40:55,308 - AppLogger - INFO - Starting new session: bfdcf4d7-7247-4b9f-977a-356ed5b830f7
2026-01-31 11:40:55,310 - AppLogger - INFO - Character: , Style: Dark Fantasy, Detailed, Cinematic
2026-01-31 11:41:03,581 - AppLogger - INFO - Generating frame 1: A short story about how players tried to understand the world and how they succeeded. Plot:
Territory: Fallout (Forest of Terror), a city where warrior magicians live. But there is one thing: there is no magic here! And if you understand what magic is, then you can start playing right now. We play for money without restrictions, without asking other players for advice.
Rules of the game: There are 2 modes in the game. The first mode allows the player to fully control his actions in real time, the second mode involves creating a separate character for each task using special spells. The second mode includes additional tasks for creating new characters and adding them to existing characters by creating your own game plots, cinematic shot, cinematic lighting, dramatic atmosphere, detailed texture, 8k, unreal engine 5 render, ray tracing, soft creative lighting, high quality, masterpiece, sharp focus
2026-01-31 11:43:43,022 - AppLogger - INFO - Generating frame 2: A short story about how players tried to understand the world and how they succeeded. Plot:
Territory: Fallout (Forest of Terror), a city where warrior magicians live. But there is one thing: there is no magic here! And if you understand what magic is, then you can start playing right now. We play for money without restrictions, without asking other players for advice.
Rules of the game: There are 2 modes in the game. The first mode allows the player to fully control his actions in real time, the second mode involves creating a separate character for each task using special spells. The second mode includes additional tasks for creating new characters and adding them to existing characters by creating your own game plots, action shot, dynamic, cinematic lighting, dramatic atmosphere, detailed texture, 8k, unreal engine 5 render, ray tracing, natural lighting, high quality, masterpiece, sharp focus
2026-01-31 11:46:20,118 - AppLogger - INFO - Generating frame 3: A short story about how players tried to understand the world and how they succeeded. Plot:
Territory: Fallout (Forest of Terror), a city where warrior magicians live. But there is one thing: there is no magic here! And if you understand what magic is, then you can start playing right now. We play for money without restrictions, without asking other players for advice.
Rules of the game: There are 2 modes in the game. The first mode allows the player to fully control his actions in real time, the second mode involves creating a separate character for each task using special spells. The second mode includes additional tasks for creating new characters and adding them to existing characters by creating your own game plots, close up, detailed expression, cinematic lighting, dramatic atmosphere, detailed texture, 8k, unreal engine 5 render, ray tracing, volumetric lighting, high quality, masterpiece, sharp focus
2026-01-31 11:51:01,055 - AppLogger - INFO - User message: Призвать тракторы 
2026-01-31 11:51:08,770 - AppLogger - INFO - Generating frame 1: Matrix of the world 

This quest is dedicated to the topic and consists of three parts. The first part is a description of the playing field, which should be a square that was found in one of the artifacts in the collection and selected by the player. During the first part we will explore this magic square, then I will use it again to explore our field. When we go through this part, we will see how unique this field was in the world of magicians: it was so unusual even for our days that it is still unknown who exactly was the author of the invention of this strange device.
The second part of the game contains a description of the entire set of items that can help solve this problem. After finishing the next part we will try to create a new item. I'll tell you, cinematic shot, cinematic lighting, dramatic atmosphere, detailed texture, 8k, unreal engine 5 render, ray tracing, soft creative lighting, high quality, masterpiece, sharp focus
2026-01-31 11:53:29,894 - AppLogger - INFO - Generating frame 2: Matrix of the world 

This quest is dedicated to the topic and consists of three parts. The first part is a description of the playing field, which should be a square that was found in one of the artifacts in the collection and selected by the player. During the first part we will explore this magic square, then I will use it again to explore our field. When we go through this part, we will see how unique this field was in the world of magicians: it was so unusual even for our days that it is still unknown who exactly was the author of the invention of this strange device.
The second part of the game contains a description of the entire set of items that can help solve this problem. After finishing the next part we will try to create a new item. I'll tell you, action shot, dynamic, cinematic lighting, dramatic atmosphere, detailed texture, 8k, unreal engine 5 render, ray tracing, rembrandt lighting, high quality, masterpiece, sharp focus
2026-01-31 11:56:05,650 - AppLogger - INFO - Generating frame 3: Matrix of the world 

This quest is dedicated to the topic and consists of three parts. The first part is a description of the playing field, which should be a square that was found in one of the artifacts in the collection and selected by the player. During the first part we will explore this magic square, then I will use it again to explore our field. When we go through this part, we will see how unique this field was in the world of magicians: it was so unusual even for our days that it is still unknown who exactly was the author of the invention of this strange device.
The second part of the game contains a description of the entire set of items that can help solve this problem. After finishing the next part we will try to create a new item. I'll tell you, close up, detailed expression, cinematic lighting, dramatic atmosphere, detailed texture, 8k, unreal engine 5 render, ray tracing, rembrandt lighting, high quality, masterpiece, sharp focus
