2026-02-03 20:51:46,442 - AppLogger - INFO - Starting new session: b0c3874a-caa8-4695-be68-43d171ce6d1b
2026-02-03 20:51:46,442 - AppLogger - INFO - Character: Приготовление яичницы, Style: Oil Painting, Educational: True, Scenes: 3
2026-02-03 20:51:54,914 - AppLogger - INFO - Generating frame 1: Cooking Scrambled Eggs, Lurie J., Mr. Yu, Dr. Jensen, Kleinman, etc. (q.v.)
Professional in the development of food recipes. Speeches: in English with translation of materials from the English edition of the Catering magazine, No. 7 for 2005; in French - with examples of culinary mistakes; in German – with comments on the test based on the English edition of the magazine “Physical Culture and Sports”. 
Library.
Sofia Aronova, senior lecturer at the Department of History of World Cuisine, Moscow State University. M.V. Lomonosova
Ekaterina Ivanovna Lapina, assistant at the Department of Russian Colloquial Speech at the Russian State University for the Humanities, Candidate of Philological Sciences, Associate Professor at the Department of English, establishing shot, diagram, oil painting, textured, impressionist, van gogh style, heavy strokes, simple illustration:1.3, clean background:1.4, high contrast:1.2, legible text:1.3, high quality, masterpiece, sharp focus
2026-02-03 20:51:54,915 - AppLogger - INFO - Negative prompt: blurry, low quality, distorted, ugly, deformed
2026-02-03 20:53:48,845 - AppLogger - INFO - Generating frame 2: Cooking Scrambled Eggs, Lurie J., Mr. Yu, Dr. Jensen, Kleinman, etc. (q.v.)
Professional in the development of food recipes. Speeches: in English with translation of materials from the English edition of the Catering magazine, No. 7 for 2005; in French - with examples of culinary mistakes; in German – with comments on the test based on the English edition of the magazine “Physical Culture and Sports”. 
Library.
Sofia Aronova, senior lecturer at the Department of History of World Cuisine, Moscow State University. M.V. Lomonosova
Ekaterina Ivanovna Lapina, assistant at the Department of Russian Colloquial Speech at the Russian State University for the Humanities, Candidate of Philological Sciences, Associate Professor at the Department of English, detailed step, labeled, oil painting, textured, impressionist, van gogh style, heavy strokes, simple illustration:1.3, clean background:1.4, high contrast:1.2, legible text:1.3, high quality, masterpiece, sharp focus
2026-02-03 20:53:48,848 - AppLogger - INFO - Negative prompt: blurry, low quality, distorted, ugly, deformed
2026-02-03 20:55:34,493 - AppLogger - INFO - Generating frame 3: Cooking Scrambled Eggs, Lurie J., Mr. Yu, Dr. Jensen, Kleinman, etc. (q.v.)
Professional in the development of food recipes. Speeches: in English with translation of materials from the English edition of the Catering magazine, No. 7 for 2005; in French - with examples of culinary mistakes; in German – with comments on the test based on the English edition of the magazine “Physical Culture and Sports”. 
Library.
Sofia Aronova, senior lecturer at the Department of History of World Cuisine, Moscow State University. M.V. Lomonosova
Ekaterina Ivanovna Lapina, assistant at the Department of Russian Colloquial Speech at the Russian State University for the Humanities, Candidate of Philological Sciences, Associate Professor at the Department of English, summary view, schematic, oil painting, textured, impressionist, van gogh style, heavy strokes, simple illustration:1.3, clean background:1.4, high contrast:1.2, legible text:1.3, high quality, masterpiece, sharp focus
2026-02-03 20:55:34,495 - AppLogger - INFO - Negative prompt: blurry, low quality, distorted, ugly, deformed
