2026-02-02 17:02:45,070 - AppLogger - INFO - Starting new session: 0284ee1f-cfaa-4f5b-9a44-11095ff6ed02
2026-02-02 17:02:45,071 - AppLogger - INFO - Character: Алгоритм сортировки пузырьком, Style: Educational, Educational: True, Scenes: 2
2026-02-02 17:02:54,264 - AppLogger - INFO - Generating frame 1: Bubble sorting algorithm, Violence at the subconscious level, which can lead to a very dangerous result - a brain explosion. The game also has gameplay in which you can choose any of many options - both defeat the enemy and win the case peacefully.
Examples of games
Bloody Mary (The Crisis of the Monster): -1
-2
-3
-4
-5
-6
-7
-8
-9
-10
-11
http://slaviaproject.com/forum-fiction_video.html#t1402715121800164960
Game style: Lego Vision 4. Game "Territory", establishing shot, diagram, neural network architecture diagram, artificial intelligence, machine learning model, layers, neurons, connections, weights, activation functions, deep learning, computational graph, AI model structure, data flow, technical neural diagram, simple illustration:1.3, clean background:1.4, high contrast:1.2, legible text:1.3, technical accuracy:1.4, precise geometry:1.3, professional diagram:1.2, engineering standard:1.2, high quality, masterpiece, sharp focus
2026-02-02 17:02:54,265 - AppLogger - INFO - Negative prompt: photorealistic, 3d, shadows, gradients, colors, people, faces, animals, nature, artistic, decorative, blurry, low quality, distorted, text, labels
2026-02-02 17:04:50,610 - AppLogger - INFO - Generating frame 2: Bubble sorting algorithm, Violence at the subconscious level, which can lead to a very dangerous result - a brain explosion. The game also has gameplay in which you can choose any of many options - both defeat the enemy and win the case peacefully.
Examples of games
Bloody Mary (The Crisis of the Monster): -1
-2
-3
-4
-5
-6
-7
-8
-9
-10
-11
http://slaviaproject.com/forum-fiction_video.html#t1402715121800164960
Game style: Lego Vision 4. Game "Territory", detailed step, labeled, neural network architecture diagram, artificial intelligence, machine learning model, layers, neurons, connections, weights, activation functions, deep learning, computational graph, AI model structure, data flow, technical neural diagram, simple illustration:1.3, clean background:1.4, high contrast:1.2, legible text:1.3, technical accuracy:1.4, precise geometry:1.3, professional diagram:1.2, engineering standard:1.2, high quality, masterpiece, sharp focus
2026-02-02 17:04:50,611 - AppLogger - INFO - Negative prompt: photorealistic, 3d, shadows, gradients, colors, people, faces, animals, nature, artistic, decorative, blurry, low quality, distorted, text, labels
